This is TeX, Version 3.14159265 (TeX Live 2019/Debian) (preloaded format=tex 2021.10.17)  17 OCT 2021 14:47
**new.tex
(./new.tex
! Undefined control sequence.
l.1 \documentclass
                  [12pt]{article}
? 
! Interruption.
<to be read again> 
                   [
l.1 \documentclass[
                   12pt]{article}
? 
! Undefined control sequence.
l.2 \usepackage
               {lingmacros}
? 
! Undefined control sequence.
l.3 \usepackage
               {tree-dvips}
? 
! Undefined control sequence.
l.4 \begin
          {document}
? 
! Undefined control sequence.
l.6 \section
            *{Notes for My Paper}
? 
! Undefined control sequence.
l.11 {\small
            
? 
! Undefined control sequence.
l.12 \enumsentence
                  {Topicalization from sentential subject:\\
? 
! Argument of \\ has an extra }.
<inserted text> 
                \par 
<to be read again> 
                   }
l.17 {John, (it's) clear that Mary loves (him).}}
                                                 
? 
Runaway argument?
 \shortex {7}{a John$_i$ [a & kltukl & [el & {\bf l-}oltoir & er & ng\ETC.
! Paragraph ended before \\ was complete.
<to be read again> 
                   \par 
<to be read again> 
                   }
l.17 {John, (it's) clear that Mary loves (him).}}
                                                 
? 
! Undefined control sequence.
l.20 \subsection
                *{How to handle topicalization}
? 
! Undefined control sequence.
l.22 I'll just assume a tree structure like (\ex
                                                {1}).
? 
! Undefined control sequence.
l.24 {\small
            
? 
! Undefined control sequence.
l.25 \enumsentence
                  {Structure of A$'$ Projections:\\ [2ex]
? 
! Argument of \\ has an extra }.
<inserted text> 
                \par 
<to be read again> 
                   }
l.35 }
      
? 
Runaway argument?
 [2ex] \begin {tabular}[t]{cccc} & \node {i}{CP}\\ [2ex] \node {ii}{S\ETC.
! Paragraph ended before \\ was complete.
<to be read again> 
                   \par 
<to be read again> 
                   }
l.35 }
      
? 
! Undefined control sequence.
l.38 \subsection
                *{Mood}
? 
! Undefined control sequence.
l.41 there is WH-movement.  \emph
                                 {Irrealis} is the mood when
? 
! Undefined control sequence.
l.43 \emph
          {Realis} is the mood when there is a subject topic
? 
[1] )
Output written on new.dvi (1 page, 948 bytes).
